<?xml version="1.0" encoding="UTF-8"?>
<testsuite xmlns:xsi="http://www.w3.org/2001/XMLSchema-instance" xsi:noNamespaceSchemaLocation="https://maven.apache.org/surefire/maven-surefire-plugin/xsd/surefire-test-report-3.0.xsd" version="3.0" name="com.example.AppTest" time="0.064" tests="5" errors="0" skipped="0" failures="0">
  <properties>
[...]
</properties>
  <testcase name="multiplyShouldReturnProduct" classname="com.example.AppTest" time="0.031"/>
  <testcase name="divideByZeroShouldThrow" classname="com.example.AppTest" time="0.002"/>
  <testcase name="subtractShouldReturnDifference" classname="com.example.AppTest" time="0.001"/>
  <testcase name="divideShouldReturnQuotient" classname="com.example.AppTest" time="0.002"/>
  <testcase name="addShouldReturnSum" classname="com.example.AppTest" time="0.001"/>
</testsuite>