<?xml version="1.0" encoding="UTF-8"?>
<testsuite xmlns:xsi="http://www.w3.org/2001/XMLSchema-instance" xsi:noNamespaceSchemaLocation="https://maven.apache.org/surefire/maven-surefire-plugin/xsd/surefire-test-report-3.0.xsd" version="3.0" name="MyFirstJUnitJupiterTests" time="0.127" tests="5" errors="0" skipped="0" failures="3">
  <properties>
[...]
</properties>
  <testcase name="TC01" classname="MyFirstJUnitJupiterTests" time="0.059">
    <failure message="expected: &lt;ZVMADHYL&gt; but was: &lt;VRIWZDUH&gt;" type="org.opentest4j.AssertionFailedError"><![CDATA[org.opentest4j.AssertionFailedError: expected: <ZVMADHYL> but was: <VRIWZDUH>
	at org.junit.jupiter.api.Assertions.assertEquals(Assertions.java:1199)
	at MyFirstJUnitJupiterTests.TC01(MyFirstJUnitJupiterTests.java:12)
]]></failure>
  </testcase>
  <testcase name="TC02" classname="MyFirstJUnitJupiterTests" time="0.008">
    <failure message="expected: &lt;zvmadhyl&gt; but was: &lt;invalid&gt;" type="org.opentest4j.AssertionFailedError"><![CDATA[org.opentest4j.AssertionFailedError: expected: <zvmadhyl> but was: <invalid>
	at org.junit.jupiter.api.Assertions.assertEquals(Assertions.java:1199)
	at MyFirstJUnitJupiterTests.TC02(MyFirstJUnitJupiterTests.java:17)
]]></failure>
  </testcase>
  <testcase name="TC03" classname="MyFirstJUnitJupiterTests" time="0.002"/>
  <testcase name="TC04" classname="MyFirstJUnitJupiterTests" time="0.003">
    <failure message="expected: &lt;0894344652JJ&gt; but was: &lt;invalid&gt;" type="org.opentest4j.AssertionFailedError"><![CDATA[org.opentest4j.AssertionFailedError: expected: <0894344652JJ> but was: <invalid>
	at org.junit.jupiter.api.Assertions.assertEquals(Assertions.java:1199)
	at MyFirstJUnitJupiterTests.TC04(MyFirstJUnitJupiterTests.java:27)
]]></failure>
  </testcase>
  <testcase name="TC05" classname="MyFirstJUnitJupiterTests" time="0.001"/>
</testsuite>